2025-08-26 21:13:32,281 - Enhanced Facebook Content Optimization System - INFO - _initialize_system:601 - Initializing Performance Engine...
2025-08-26 21:13:32,290 - Enhanced Facebook Content Optimization System - INFO - _initialize_system:614 - Initializing AI Agent System...
2025-08-26 21:13:32,298 - Enhanced Facebook Content Optimization System - ERROR - _initialize_system:638 - Traceback (most recent call last):
  File "C:\Users\USER\blatam-academy\agents\backend\onyx\server\features\facebook_posts\enhanced_integrated_system.py", line 615, in _initialize_system
    agent_config = EnhancedAgentConfig(
                   ^^^^^^^^^^^^^^^^^^^^
TypeError: EnhancedAgentConfig.__init__() got an unexpected keyword argument 'agent_memory_size'

2025-08-26 21:15:21,385 - Enhanced Facebook Content Optimization System - INFO - _initialize_system:598 - Initializing Enhanced Integrated System...
2025-08-26 21:15:21,386 - Enhanced Facebook Content Optimization System - INFO - _initialize_system:601 - Initializing Performance Engine...
2025-08-26 21:15:21,393 - Enhanced Facebook Content Optimization System - INFO - _initialize_system:614 - Initializing AI Agent System...
2025-08-26 21:15:29,224 - Enhanced Facebook Content Optimization System - INFO - _initialize_system:624 - Initializing Monitoring Components...
2025-08-26 21:15:29,230 - Enhanced Facebook Content Optimization System - INFO - _initialize_system:634 - System initialization completed successfully!
2025-08-26 21:17:06,018 - Enhanced Facebook Content Optimization System - INFO - _initialize_system:598 - Initializing Enhanced Integrated System...
2025-08-26 21:17:06,019 - Enhanced Facebook Content Optimization System - INFO - _initialize_system:601 - Initializing Performance Engine...
2025-08-26 21:17:06,027 - Enhanced Facebook Content Optimization System - INFO - _initialize_system:614 - Initializing AI Agent System...
2025-08-26 21:17:13,592 - Enhanced Facebook Content Optimization System - ERROR - _initialize_system:637 - System initialization failed: property 'system_stats' of 'EnhancedAIAgentSystem' object has no setter
2025-08-26 21:17:13,598 - Enhanced Facebook Content Optimization System - ERROR - _initialize_system:638 - Traceback (most recent call last):
  File "C:\Users\USER\blatam-academy\agents\backend\onyx\server\features\facebook_posts\enhanced_integrated_system.py", line 621, in _initialize_system
    self.ai_agent_system = EnhancedAIAgentSystem(agent_config)
                           ^^^^^^^^^^^^^^^^^^^^^^^^^^^^^^^^^^^
  File "C:\Users\USER\blatam-academy\agents\backend\onyx\server\features\facebook_posts\enhanced_ai_agent_system.py", line 716, in __init__
    self.system_stats = {
    ^^^^^^^^^^^^^^^^^
AttributeError: property 'system_stats' of 'EnhancedAIAgentSystem' object has no setter

2025-08-26 21:17:56,555 - Enhanced Facebook Content Optimization System - INFO - _initialize_system:598 - Initializing Enhanced Integrated System...
2025-08-26 21:17:56,556 - Enhanced Facebook Content Optimization System - INFO - _initialize_system:601 - Initializing Performance Engine...
2025-08-26 21:17:56,566 - Enhanced Facebook Content Optimization System - INFO - _initialize_system:614 - Initializing AI Agent System...
2025-08-26 21:18:04,339 - Enhanced Facebook Content Optimization System - INFO - _initialize_system:624 - Initializing Monitoring Components...
2025-08-26 21:18:04,347 - Enhanced Facebook Content Optimization System - INFO - _initialize_system:634 - System initialization completed successfully!
2025-08-26 21:18:04,470 - Enhanced Facebook Content Optimization System - INFO - _initialize_system:598 - Initializing Enhanced Integrated System...
2025-08-26 21:18:04,470 - Enhanced Facebook Content Optimization System - INFO - _initialize_system:598 - Initializing Enhanced Integrated System...
2025-08-26 21:18:04,472 - Enhanced Facebook Content Optimization System - INFO - _initialize_system:601 - Initializing Performance Engine...
2025-08-26 21:18:04,472 - Enhanced Facebook Content Optimization System - INFO - _initialize_system:601 - Initializing Performance Engine...
2025-08-26 21:18:05,035 - Enhanced Facebook Content Optimization System - INFO - _initialize_system:614 - Initializing AI Agent System...
2025-08-26 21:18:05,035 - Enhanced Facebook Content Optimization System - INFO - _initialize_system:614 - Initializing AI Agent System...
2025-08-26 21:18:05,054 - Enhanced Facebook Content Optimization System - INFO - _initialize_system:624 - Initializing Monitoring Components...
2025-08-26 21:18:05,054 - Enhanced Facebook Content Optimization System - INFO - _initialize_system:624 - Initializing Monitoring Components...
2025-08-26 21:18:05,061 - Enhanced Facebook Content Optimization System - INFO - _initialize_system:634 - System initialization completed successfully!
2025-08-26 21:18:05,061 - Enhanced Facebook Content Optimization System - INFO - _initialize_system:634 - System initialization completed successfully!
2025-08-26 21:18:05,064 - Enhanced Facebook Content Optimization System - INFO - start:674 - Starting Enhanced Integrated System...
2025-08-26 21:18:05,064 - Enhanced Facebook Content Optimization System - INFO - start:674 - Starting Enhanced Integrated System...
2025-08-26 21:18:05,066 - Enhanced Facebook Content Optimization System - INFO - start:680 - System started successfully!
2025-08-26 21:18:05,066 - Enhanced Facebook Content Optimization System - INFO - start:680 - System started successfully!
2025-08-26 21:21:37,426 - Enhanced Facebook Content Optimization System - INFO - _initialize_system:598 - Initializing Enhanced Integrated System...
2025-08-26 21:21:37,427 - Enhanced Facebook Content Optimization System - INFO - _initialize_system:601 - Initializing Performance Engine...
2025-08-26 21:21:37,435 - Enhanced Facebook Content Optimization System - INFO - _initialize_system:614 - Initializing AI Agent System...
2025-08-26 21:21:44,453 - Enhanced Facebook Content Optimization System - INFO - _initialize_system:624 - Initializing Monitoring Components...
2025-08-26 21:21:44,461 - Enhanced Facebook Content Optimization System - INFO - _initialize_system:634 - System initialization completed successfully!
2025-08-26 21:21:44,461 - Enhanced Facebook Content Optimization System - INFO - start:674 - Starting Enhanced Integrated System...
2025-08-26 21:21:44,461 - Enhanced Facebook Content Optimization System - INFO - start:680 - System started successfully!
2025-08-26 21:22:57,795 - Enhanced Facebook Content Optimization System - INFO - _initialize_system:598 - Initializing Enhanced Integrated System...
2025-08-26 21:22:57,796 - Enhanced Facebook Content Optimization System - INFO - _initialize_system:601 - Initializing Performance Engine...
2025-08-26 21:22:57,804 - Enhanced Facebook Content Optimization System - INFO - _initialize_system:614 - Initializing AI Agent System...
2025-08-26 21:23:05,622 - Enhanced Facebook Content Optimization System - INFO - _initialize_system:624 - Initializing Monitoring Components...
2025-08-26 21:23:05,630 - Enhanced Facebook Content Optimization System - INFO - _initialize_system:634 - System initialization completed successfully!
2025-08-26 21:23:05,750 - Enhanced Facebook Content Optimization System - INFO - _initialize_system:598 - Initializing Enhanced Integrated System...
2025-08-26 21:23:05,750 - Enhanced Facebook Content Optimization System - INFO - _initialize_system:598 - Initializing Enhanced Integrated System...
2025-08-26 21:23:05,752 - Enhanced Facebook Content Optimization System - INFO - _initialize_system:601 - Initializing Performance Engine...
2025-08-26 21:23:05,752 - Enhanced Facebook Content Optimization System - INFO - _initialize_system:601 - Initializing Performance Engine...
2025-08-26 21:23:06,346 - Enhanced Facebook Content Optimization System - INFO - _initialize_system:614 - Initializing AI Agent System...
2025-08-26 21:23:06,346 - Enhanced Facebook Content Optimization System - INFO - _initialize_system:614 - Initializing AI Agent System...
2025-08-26 21:23:06,365 - Enhanced Facebook Content Optimization System - INFO - _initialize_system:624 - Initializing Monitoring Components...
2025-08-26 21:23:06,365 - Enhanced Facebook Content Optimization System - INFO - _initialize_system:624 - Initializing Monitoring Components...
2025-08-26 21:23:06,373 - Enhanced Facebook Content Optimization System - INFO - _initialize_system:634 - System initialization completed successfully!
2025-08-26 21:23:06,373 - Enhanced Facebook Content Optimization System - INFO - _initialize_system:634 - System initialization completed successfully!
2025-08-26 21:23:06,375 - Enhanced Facebook Content Optimization System - INFO - start:674 - Starting Enhanced Integrated System...
2025-08-26 21:23:06,375 - Enhanced Facebook Content Optimization System - INFO - start:674 - Starting Enhanced Integrated System...
2025-08-26 21:23:06,377 - Enhanced Facebook Content Optimization System - INFO - start:680 - System started successfully!
2025-08-26 21:23:06,377 - Enhanced Facebook Content Optimization System - INFO - start:680 - System started successfully!
2025-08-26 21:23:21,121 - Enhanced Facebook Content Optimization System - INFO - _initialize_system:598 - Initializing Enhanced Integrated System...
2025-08-26 21:23:21,121 - Enhanced Facebook Content Optimization System - INFO - _initialize_system:601 - Initializing Performance Engine...
2025-08-26 21:23:21,129 - Enhanced Facebook Content Optimization System - INFO - _initialize_system:614 - Initializing AI Agent System...
2025-08-26 21:23:28,033 - Enhanced Facebook Content Optimization System - INFO - _initialize_system:624 - Initializing Monitoring Components...
2025-08-26 21:23:28,039 - Enhanced Facebook Content Optimization System - INFO - _initialize_system:634 - System initialization completed successfully!
2025-08-26 21:23:28,041 - Enhanced Facebook Content Optimization System - INFO - start:674 - Starting Enhanced Integrated System...
2025-08-26 21:23:28,042 - Enhanced Facebook Content Optimization System - INFO - start:680 - System started successfully!
2025-08-26 21:24:30,401 - Enhanced Facebook Content Optimization System - INFO - _initialize_system:598 - Initializing Enhanced Integrated System...
2025-08-26 21:24:30,402 - Enhanced Facebook Content Optimization System - INFO - _initialize_system:601 - Initializing Performance Engine...
2025-08-26 21:24:30,412 - Enhanced Facebook Content Optimization System - INFO - _initialize_system:614 - Initializing AI Agent System...
2025-08-26 21:24:37,567 - Enhanced Facebook Content Optimization System - INFO - _initialize_system:624 - Initializing Monitoring Components...
2025-08-26 21:24:37,574 - Enhanced Facebook Content Optimization System - INFO - _initialize_system:634 - System initialization completed successfully!
2025-08-26 21:24:37,575 - Enhanced Facebook Content Optimization System - INFO - start:674 - Starting Enhanced Integrated System...
2025-08-26 21:24:37,576 - Enhanced Facebook Content Optimization System - INFO - start:680 - System started successfully!
2025-08-26 21:25:41,489 - Enhanced Facebook Content Optimization System - INFO - _initialize_system:598 - Initializing Enhanced Integrated System...
2025-08-26 21:25:41,490 - Enhanced Facebook Content Optimization System - INFO - _initialize_system:601 - Initializing Performance Engine...
2025-08-26 21:25:41,501 - Enhanced Facebook Content Optimization System - INFO - _initialize_system:614 - Initializing AI Agent System...
2025-08-26 21:25:49,881 - Enhanced Facebook Content Optimization System - INFO - _initialize_system:624 - Initializing Monitoring Components...
2025-08-26 21:25:49,890 - Enhanced Facebook Content Optimization System - INFO - _initialize_system:634 - System initialization completed successfully!
2025-08-26 21:25:49,891 - Enhanced Facebook Content Optimization System - INFO - start:674 - Starting Enhanced Integrated System...
2025-08-26 21:25:49,892 - Enhanced Facebook Content Optimization System - INFO - start:680 - System started successfully!
2025-08-27 11:58:23,168 - Enhanced Facebook Content Optimization System - INFO - signal_handler:661 - Received signal 2, initiating graceful shutdown...
2025-08-27 13:42:17,425 - Enhanced Facebook Content Optimization System - INFO - _initialize_system:598 - Initializing Enhanced Integrated System...
2025-08-27 13:42:17,425 - Enhanced Facebook Content Optimization System - INFO - _initialize_system:601 - Initializing Performance Engine...
2025-08-27 13:42:17,443 - Enhanced Facebook Content Optimization System - INFO - _initialize_system:614 - Initializing AI Agent System...
2025-08-27 13:42:25,307 - Enhanced Facebook Content Optimization System - INFO - _initialize_system:624 - Initializing Monitoring Components...
2025-08-27 13:42:25,317 - Enhanced Facebook Content Optimization System - INFO - _initialize_system:634 - System initialization completed successfully!
2025-08-27 13:42:25,318 - Enhanced Facebook Content Optimization System - INFO - start:674 - Starting Enhanced Integrated System...
2025-08-27 13:42:25,319 - Enhanced Facebook Content Optimization System - INFO - start:680 - System started successfully!
2025-08-28 00:30:56,067 - Enhanced Facebook Content Optimization System - INFO - signal_handler:661 - Received signal 2, initiating graceful shutdown...
2025-08-28 11:34:57,860 - Enhanced Facebook Content Optimization System - INFO - _initialize_system:598 - Initializing Enhanced Integrated System...
2025-08-28 11:34:57,861 - Enhanced Facebook Content Optimization System - INFO - _initialize_system:601 - Initializing Performance Engine...
2025-08-28 11:34:57,876 - Enhanced Facebook Content Optimization System - INFO - _initialize_system:614 - Initializing AI Agent System...
2025-08-28 11:35:06,672 - Enhanced Facebook Content Optimization System - INFO - _initialize_system:624 - Initializing Monitoring Components...
2025-08-28 11:35:06,678 - Enhanced Facebook Content Optimization System - INFO - _initialize_system:634 - System initialization completed successfully!
2025-08-28 11:35:06,679 - Enhanced Facebook Content Optimization System - INFO - start:674 - Starting Enhanced Integrated System...
2025-08-28 11:35:06,680 - Enhanced Facebook Content Optimization System - INFO - start:680 - System started successfully!
2025-08-28 15:28:18,111 - Enhanced Facebook Content Optimization System - INFO - signal_handler:661 - Received signal 2, initiating graceful shutdown...
